#! /c/Source/iverilog-install/bin/vvp
:ivl_version "12.0 (devel)" "(s20150603-1539-g2693dd32b)";
:ivl_delay_selection "TYPICAL";
:vpi_time_precision - 12;
:vpi_module "C:\iverilog\lib\ivl\system.vpi";
:vpi_module "C:\iverilog\lib\ivl\vhdl_sys.vpi";
:vpi_module "C:\iverilog\lib\ivl\vhdl_textio.vpi";
:vpi_module "C:\iverilog\lib\ivl\v2005_math.vpi";
:vpi_module "C:\iverilog\lib\ivl\va_math.vpi";
:vpi_module "C:\iverilog\lib\ivl\v2009.vpi";
S_0000019ca53839b0 .scope package, "$unit" "$unit" 2 1;
 .timescale 0 0;
S_0000019ca5365300 .scope module, "tb_data_prod_proc" "tb_data_prod_proc" 3 3;
 .timescale -9 -12;
L_0000019ca5378100 .functor AND 1, v0000019ca53dbb90_0, L_0000019ca53dd4c0, C4<1>, C4<1>;
v0000019ca53dc270_0 .net *"_ivl_7", 0 0, L_0000019ca53dd4c0;  1 drivers
v0000019ca53dcef0_0 .var "clk", 0 0;
v0000019ca53dc310_0 .net "f_empty", 0 0, v0000019ca537c030_0;  1 drivers
v0000019ca53dc3b0_0 .net "f_full", 0 0, v0000019ca537c5d0_0;  1 drivers
v0000019ca53dc770_0 .net "f_pixel", 7 0, L_0000019ca5378250;  1 drivers
v0000019ca53dc950_0 .var "kernel", 71 0;
v0000019ca53dca90_0 .var "mode", 1 0;
v0000019ca53dcb30_0 .net "p_out", 7 0, v0000019ca53dba50_0;  1 drivers
v0000019ca53db050_0 .net "p_ready", 0 0, v0000019ca53dbb90_0;  1 drivers
v0000019ca53db190_0 .net "p_valid", 0 0, v0000019ca53db230_0;  1 drivers
v0000019ca53dcbd0_0 .var "r_cnt", 5 0;
v0000019ca53dcd10_0 .net "rstn", 0 0, L_0000019ca53dd560;  1 drivers
v0000019ca53de780_0 .var "s_cnt", 5 0;
v0000019ca53dd740_0 .net "s_pixel", 7 0, v0000019ca53db4b0_0;  1 drivers
v0000019ca53dd380_0 .net "s_valid", 0 0, v0000019ca53dcc70_0;  1 drivers
v0000019ca53deaa0_0 .var "sensor_clk", 0 0;
v0000019ca53dd240_0 .net "srstn", 0 0, L_0000019ca53dd880;  1 drivers
v0000019ca53def00_0 .net "status", 0 0, L_0000019ca53775a0;  1 drivers
L_0000019ca53dd560 .reduce/and v0000019ca53dcbd0_0;
L_0000019ca53dd880 .reduce/and v0000019ca53de780_0;
L_0000019ca53ddb00 .reduce/nor v0000019ca537c5d0_0;
L_0000019ca53dd4c0 .reduce/nor v0000019ca537c030_0;
L_0000019ca53f2e90 .reduce/nor v0000019ca537c030_0;
S_0000019ca5365490 .scope begin, "$unm_blk_1" "$unm_blk_1" 3 41, 3 41 0, S_0000019ca5365300;
 .timescale -9 -12;
v0000019ca537ac30_0 .var/i "f", 31 0;
v0000019ca537acd0_0 .var/i "i", 31 0;
S_0000019ca535dd70 .scope module, "fifo" "async_fifo" 3 84, 4 60 0, S_0000019ca5365300;
 .timescale -9 -12;
    .port_info 0 /INPUT 1 "wclk";
    .port_info 1 /INPUT 1 "wrst_n";
    .port_info 2 /INPUT 1 "wr_en";
    .port_info 3 /INPUT 8 "wdata";
    .port_info 4 /INPUT 1 "rclk";
    .port_info 5 /INPUT 1 "rrst_n";
    .port_info 6 /INPUT 1 "rd_en";
    .port_info 7 /OUTPUT 8 "rdata";
    .port_info 8 /OUTPUT 1 "full";
    .port_info 9 /OUTPUT 1 "empty";
P_0000019ca53d6e90 .param/l "DEPTH" 0 4 60, +C4<00000000000000000000000000010000>;
P_0000019ca53d6ec8 .param/l "WIDTH" 0 4 60, +C4<00000000000000000000000000001000>;
L_0000019ca5378250 .functor BUFZ 8, L_0000019ca53dd7e0, C4<00000000>, C4<00000000>, C4<00000000>;
v0000019ca537c530_0 .net *"_ivl_0", 7 0, L_0000019ca53dd7e0;  1 drivers
v0000019ca537ba90_0 .net *"_ivl_2", 5 0, L_0000019ca53ddc40;  1 drivers
L_0000019ca5450088 .functor BUFT 1, C4<00>, C4<0>, C4<0>, C4<0>;
v0000019ca537bbd0_0 .net *"_ivl_5", 1 0, L_0000019ca5450088;  1 drivers
v0000019ca537c030_0 .var "empty", 0 0;
v0000019ca537c5d0_0 .var "full", 0 0;
v0000019ca537c0d0 .array "mem", 15 0, 7 0;
v0000019ca537aa50_0 .net "rclk", 0 0, v0000019ca53dcef0_0;  1 drivers
v0000019ca537bb30_0 .net "rd_en", 0 0, L_0000019ca5378100;  1 drivers
v0000019ca537aaf0_0 .net "rdata", 7 0, L_0000019ca5378250;  alias, 1 drivers
v0000019ca537b6d0_0 .var "rptr", 3 0;
v0000019ca537b130_0 .var "rptr_gray", 3 0;
v0000019ca537b450_0 .var "rq1_wptr", 3 0;
v0000019ca537b630_0 .var "rq2_wptr", 3 0;
v0000019ca537c170_0 .net "rrst_n", 0 0, L_0000019ca53dd560;  alias, 1 drivers
v0000019ca537c710_0 .net "wclk", 0 0, v0000019ca53deaa0_0;  1 drivers
v0000019ca537b270_0 .net "wdata", 7 0, v0000019ca53db4b0_0;  alias, 1 drivers
v0000019ca537bf90_0 .var "wptr", 3 0;
v0000019ca537b8b0_0 .var "wptr_gray", 3 0;
v0000019ca537ab90_0 .var "wq1_rptr", 3 0;
v0000019ca537be50_0 .var "wq2_rptr", 3 0;
v0000019ca537a870_0 .net "wr_en", 0 0, v0000019ca53dcc70_0;  alias, 1 drivers
v0000019ca537bc70_0 .net "wrst_n", 0 0, L_0000019ca53dd880;  alias, 1 drivers
E_0000019ca53790b0 .event anyedge, v0000019ca537b130_0, v0000019ca537b630_0;
E_0000019ca5379270 .event anyedge, v0000019ca537b8b0_0, v0000019ca537be50_0;
E_0000019ca5379730 .event posedge, v0000019ca537aa50_0;
E_0000019ca53792b0 .event posedge, v0000019ca537c710_0;
E_0000019ca53792f0/0 .event negedge, v0000019ca537c170_0;
E_0000019ca53792f0/1 .event posedge, v0000019ca537aa50_0;
E_0000019ca53792f0 .event/or E_0000019ca53792f0/0, E_0000019ca53792f0/1;
E_0000019ca53793b0/0 .event negedge, v0000019ca537bc70_0;
E_0000019ca53793b0/1 .event posedge, v0000019ca537c710_0;
E_0000019ca53793b0 .event/or E_0000019ca53793b0/0, E_0000019ca53793b0/1;
L_0000019ca53dd7e0 .array/port v0000019ca537c0d0, L_0000019ca53ddc40;
L_0000019ca53ddc40 .concat [ 4 2 0 0], v0000019ca537b6d0_0, L_0000019ca5450088;
S_0000019ca535df00 .scope module, "processor" "data_proc" 3 98, 4 6 0, S_0000019ca5365300;
 .timescale -9 -12;
    .port_info 0 /INPUT 1 "clk";
    .port_info 1 /INPUT 1 "rstn";
    .port_info 2 /INPUT 8 "pixel_in";
    .port_info 3 /INPUT 1 "valid_in";
    .port_info 4 /INPUT 1 "ready_in";
    .port_info 5 /INPUT 2 "mode";
    .port_info 6 /INPUT 72 "kernel";
    .port_info 7 /OUTPUT 8 "pixel_out";
    .port_info 8 /OUTPUT 1 "ready_out";
    .port_info 9 /OUTPUT 1 "valid_out";
    .port_info 10 /OUTPUT 1 "status";
L_0000019ca5377530 .functor AND 1, L_0000019ca53dd9c0, L_0000019ca53dd2e0, C4<1>, C4<1>;
L_0000019ca53775a0 .functor OR 1, L_0000019ca5377530, L_0000019ca53ddba0, C4<0>, C4<0>;
L_0000019ca54500d0 .functor BUFT 1, C4<10>, C4<0>, C4<0>, C4<0>;
v0000019ca537ae10_0 .net/2u *"_ivl_0", 1 0, L_0000019ca54500d0;  1 drivers
v0000019ca537aeb0_0 .net *"_ivl_10", 0 0, L_0000019ca53dd2e0;  1 drivers
v0000019ca537b950_0 .net *"_ivl_100", 19 0, L_0000019ca53de500;  1 drivers
L_0000019ca5450508 .functor BUFT 1, C4<000000000000>, C4<0>, C4<0>, C4<0>;
v0000019ca537c3f0_0 .net *"_ivl_103", 11 0, L_0000019ca5450508;  1 drivers
v0000019ca537bdb0_0 .net *"_ivl_105", 7 0, L_0000019ca53dec80;  1 drivers
v0000019ca537b770_0 .net *"_ivl_106", 19 0, L_0000019ca53de1e0;  1 drivers
L_0000019ca5450550 .functor BUFT 1, C4<000000000000>, C4<0>, C4<0>, C4<0>;
v0000019ca537c2b0_0 .net *"_ivl_109", 11 0, L_0000019ca5450550;  1 drivers
v0000019ca537aff0_0 .net *"_ivl_111", 19 0, L_0000019ca53de320;  1 drivers
v0000019ca537a910_0 .net *"_ivl_112", 19 0, L_0000019ca53de3c0;  1 drivers
v0000019ca537bef0_0 .net *"_ivl_114", 19 0, L_0000019ca53f2170;  1 drivers
L_0000019ca5450598 .functor BUFT 1, C4<000000000000>, C4<0>, C4<0>, C4<0>;
v0000019ca537b1d0_0 .net *"_ivl_117", 11 0, L_0000019ca5450598;  1 drivers
v0000019ca537c210_0 .net *"_ivl_119", 7 0, L_0000019ca53f2990;  1 drivers
v0000019ca537b3b0_0 .net *"_ivl_120", 19 0, L_0000019ca53f28f0;  1 drivers
L_0000019ca54505e0 .functor BUFT 1, C4<000000000000>, C4<0>, C4<0>, C4<0>;
v0000019ca53d8a10_0 .net *"_ivl_123", 11 0, L_0000019ca54505e0;  1 drivers
v0000019ca53d9d70_0 .net *"_ivl_125", 19 0, L_0000019ca53f1130;  1 drivers
v0000019ca53da630_0 .net *"_ivl_126", 19 0, L_0000019ca53f1950;  1 drivers
v0000019ca53d9410_0 .net *"_ivl_128", 19 0, L_0000019ca53f1630;  1 drivers
v0000019ca53d9550_0 .net *"_ivl_13", 0 0, L_0000019ca5377530;  1 drivers
L_0000019ca5450628 .functor BUFT 1, C4<000000000000>, C4<0>, C4<0>, C4<0>;
v0000019ca53d9050_0 .net *"_ivl_131", 11 0, L_0000019ca5450628;  1 drivers
v0000019ca53d95f0_0 .net *"_ivl_133", 7 0, L_0000019ca53f11d0;  1 drivers
v0000019ca53d9690_0 .net *"_ivl_134", 19 0, L_0000019ca53f1770;  1 drivers
L_0000019ca5450670 .functor BUFT 1, C4<000000000000>, C4<0>, C4<0>, C4<0>;
v0000019ca53d9190_0 .net *"_ivl_137", 11 0, L_0000019ca5450670;  1 drivers
v0000019ca53d9b90_0 .net *"_ivl_139", 19 0, L_0000019ca53f2850;  1 drivers
v0000019ca53d8c90_0 .net *"_ivl_15", 0 0, L_0000019ca53ddba0;  1 drivers
v0000019ca53d94b0_0 .net *"_ivl_18", 19 0, L_0000019ca53dd920;  1 drivers
v0000019ca53da090_0 .net *"_ivl_2", 0 0, L_0000019ca53dd9c0;  1 drivers
L_0000019ca54501a8 .functor BUFT 1, C4<000000000000>, C4<0>, C4<0>, C4<0>;
v0000019ca53d9730_0 .net *"_ivl_21", 11 0, L_0000019ca54501a8;  1 drivers
v0000019ca53d90f0_0 .net *"_ivl_23", 7 0, L_0000019ca53dd420;  1 drivers
v0000019ca53d8fb0_0 .net *"_ivl_24", 19 0, L_0000019ca53ddce0;  1 drivers
L_0000019ca54501f0 .functor BUFT 1, C4<000000000000>, C4<0>, C4<0>, C4<0>;
v0000019ca53d8ab0_0 .net *"_ivl_27", 11 0, L_0000019ca54501f0;  1 drivers
v0000019ca53d8dd0_0 .net *"_ivl_29", 19 0, L_0000019ca53de8c0;  1 drivers
v0000019ca53d8b50_0 .net *"_ivl_30", 19 0, L_0000019ca53de960;  1 drivers
L_0000019ca5450238 .functor BUFT 1, C4<000000000000>, C4<0>, C4<0>, C4<0>;
v0000019ca53da4f0_0 .net *"_ivl_33", 11 0, L_0000019ca5450238;  1 drivers
v0000019ca53d8bf0_0 .net *"_ivl_35", 7 0, L_0000019ca53dea00;  1 drivers
v0000019ca53d9910_0 .net *"_ivl_36", 19 0, L_0000019ca53deb40;  1 drivers
L_0000019ca5450280 .functor BUFT 1, C4<000000000000>, C4<0>, C4<0>, C4<0>;
v0000019ca53d9eb0_0 .net *"_ivl_39", 11 0, L_0000019ca5450280;  1 drivers
v0000019ca53da450_0 .net *"_ivl_4", 31 0, L_0000019ca53dd6a0;  1 drivers
v0000019ca53da6d0_0 .net *"_ivl_41", 19 0, L_0000019ca53de6e0;  1 drivers
v0000019ca53d9230_0 .net *"_ivl_42", 19 0, L_0000019ca53dd060;  1 drivers
v0000019ca53d8d30_0 .net *"_ivl_44", 19 0, L_0000019ca53ded20;  1 drivers
L_0000019ca54502c8 .functor BUFT 1, C4<000000000000>, C4<0>, C4<0>, C4<0>;
v0000019ca53d97d0_0 .net *"_ivl_47", 11 0, L_0000019ca54502c8;  1 drivers
v0000019ca53d99b0_0 .net *"_ivl_49", 7 0, L_0000019ca53dda60;  1 drivers
v0000019ca53d92d0_0 .net *"_ivl_50", 19 0, L_0000019ca53dedc0;  1 drivers
L_0000019ca5450310 .functor BUFT 1, C4<000000000000>, C4<0>, C4<0>, C4<0>;
v0000019ca53d8e70_0 .net *"_ivl_53", 11 0, L_0000019ca5450310;  1 drivers
v0000019ca53da130_0 .net *"_ivl_55", 19 0, L_0000019ca53de0a0;  1 drivers
v0000019ca53d9870_0 .net *"_ivl_56", 19 0, L_0000019ca53debe0;  1 drivers
v0000019ca53d9370_0 .net *"_ivl_58", 19 0, L_0000019ca53de5a0;  1 drivers
L_0000019ca5450358 .functor BUFT 1, C4<000000000000>, C4<0>, C4<0>, C4<0>;
v0000019ca53d8f10_0 .net *"_ivl_61", 11 0, L_0000019ca5450358;  1 drivers
v0000019ca53d8970_0 .net *"_ivl_63", 7 0, L_0000019ca53dee60;  1 drivers
v0000019ca53d9c30_0 .net *"_ivl_64", 19 0, L_0000019ca53ddf60;  1 drivers
L_0000019ca54503a0 .functor BUFT 1, C4<000000000000>, C4<0>, C4<0>, C4<0>;
v0000019ca53da590_0 .net *"_ivl_67", 11 0, L_0000019ca54503a0;  1 drivers
v0000019ca53d9f50_0 .net *"_ivl_69", 19 0, L_0000019ca53dd100;  1 drivers
L_0000019ca5450118 .functor BUFT 1, C4<00000000000>, C4<0>, C4<0>, C4<0>;
v0000019ca53da1d0_0 .net *"_ivl_7", 10 0, L_0000019ca5450118;  1 drivers
v0000019ca53d8830_0 .net *"_ivl_70", 19 0, L_0000019ca53dd1a0;  1 drivers
v0000019ca53d9af0_0 .net *"_ivl_72", 19 0, L_0000019ca53de000;  1 drivers
L_0000019ca54503e8 .functor BUFT 1, C4<000000000000>, C4<0>, C4<0>, C4<0>;
v0000019ca53d9a50_0 .net *"_ivl_75", 11 0, L_0000019ca54503e8;  1 drivers
v0000019ca53d9cd0_0 .net *"_ivl_77", 7 0, L_0000019ca53de640;  1 drivers
v0000019ca53d9ff0_0 .net *"_ivl_78", 19 0, L_0000019ca53ddd80;  1 drivers
L_0000019ca5450160 .functor BUFT 1, C4<00000000000000000000100000000011>, C4<0>, C4<0>, C4<0>;
v0000019ca53d9e10_0 .net/2u *"_ivl_8", 31 0, L_0000019ca5450160;  1 drivers
L_0000019ca5450430 .functor BUFT 1, C4<000000000000>, C4<0>, C4<0>, C4<0>;
v0000019ca53da270_0 .net *"_ivl_81", 11 0, L_0000019ca5450430;  1 drivers
v0000019ca53da310_0 .net *"_ivl_83", 19 0, L_0000019ca53de140;  1 drivers
v0000019ca53d88d0_0 .net *"_ivl_84", 19 0, L_0000019ca53de820;  1 drivers
v0000019ca53da3b0_0 .net *"_ivl_86", 19 0, L_0000019ca53dde20;  1 drivers
L_0000019ca5450478 .functor BUFT 1, C4<000000000000>, C4<0>, C4<0>, C4<0>;
v0000019ca53db370_0 .net *"_ivl_89", 11 0, L_0000019ca5450478;  1 drivers
v0000019ca53dc4f0_0 .net *"_ivl_91", 7 0, L_0000019ca53dd600;  1 drivers
v0000019ca53db730_0 .net *"_ivl_92", 19 0, L_0000019ca53de460;  1 drivers
L_0000019ca54504c0 .functor BUFT 1, C4<000000000000>, C4<0>, C4<0>, C4<0>;
v0000019ca53db5f0_0 .net *"_ivl_95", 11 0, L_0000019ca54504c0;  1 drivers
v0000019ca53dbff0_0 .net *"_ivl_97", 19 0, L_0000019ca53de280;  1 drivers
v0000019ca53db410_0 .net *"_ivl_98", 19 0, L_0000019ca53ddec0;  1 drivers
v0000019ca53dbf50_0 .net "clk", 0 0, v0000019ca53dcef0_0;  alias, 1 drivers
v0000019ca53dbcd0_0 .net "conv_sum", 19 0, L_0000019ca53f1f90;  1 drivers
v0000019ca53dce50_0 .net "kernel", 71 0, v0000019ca53dc950_0;  1 drivers
v0000019ca53db690 .array "lb1", 1023 0, 7 0;
v0000019ca53dbc30 .array "lb2", 1023 0, 7 0;
v0000019ca53db910_0 .net "mode", 1 0, v0000019ca53dca90_0;  1 drivers
v0000019ca53dc450_0 .var "p11", 7 0;
v0000019ca53dbd70_0 .var "p12", 7 0;
v0000019ca53dc9f0_0 .var "p13", 7 0;
v0000019ca53db870_0 .var "p21", 7 0;
v0000019ca53dc8b0_0 .var "p22", 7 0;
v0000019ca53db9b0_0 .var "p23", 7 0;
v0000019ca53db550_0 .var "p31", 7 0;
v0000019ca53db0f0_0 .var "p32", 7 0;
v0000019ca53dbeb0_0 .var "p33", 7 0;
v0000019ca53db2d0_0 .var "pixel_count", 20 0;
v0000019ca53dc590_0 .net "pixel_in", 7 0, L_0000019ca5378250;  alias, 1 drivers
v0000019ca53dba50_0 .var "pixel_out", 7 0;
v0000019ca53dbaf0_0 .var "ptr", 9 0;
L_0000019ca54506b8 .functor BUFT 1, C4<1>, C4<0>, C4<0>, C4<0>;
v0000019ca53dbe10_0 .net "ready_in", 0 0, L_0000019ca54506b8;  1 drivers
v0000019ca53dbb90_0 .var "ready_out", 0 0;
v0000019ca53dc630_0 .net "rstn", 0 0, L_0000019ca53dd560;  alias, 1 drivers
v0000019ca53dc090_0 .net "status", 0 0, L_0000019ca53775a0;  alias, 1 drivers
v0000019ca53dc130_0 .net "valid_in", 0 0, L_0000019ca53f2e90;  1 drivers
v0000019ca53db230_0 .var "valid_out", 0 0;
L_0000019ca53dd9c0 .cmp/eq 2, v0000019ca53dca90_0, L_0000019ca54500d0;
L_0000019ca53dd6a0 .concat [ 21 11 0 0], v0000019ca53db2d0_0, L_0000019ca5450118;
L_0000019ca53dd2e0 .cmp/gt 32, L_0000019ca5450160, L_0000019ca53dd6a0;
L_0000019ca53ddba0 .reduce/nor L_0000019ca54506b8;
L_0000019ca53dd920 .concat [ 8 12 0 0], v0000019ca53dc450_0, L_0000019ca54501a8;
L_0000019ca53dd420 .part v0000019ca53dc950_0, 0, 8;
L_0000019ca53ddce0 .concat [ 8 12 0 0], L_0000019ca53dd420, L_0000019ca54501f0;
L_0000019ca53de8c0 .arith/mult 20, L_0000019ca53dd920, L_0000019ca53ddce0;
L_0000019ca53de960 .concat [ 8 12 0 0], v0000019ca53dbd70_0, L_0000019ca5450238;
L_0000019ca53dea00 .part v0000019ca53dc950_0, 8, 8;
L_0000019ca53deb40 .concat [ 8 12 0 0], L_0000019ca53dea00, L_0000019ca5450280;
L_0000019ca53de6e0 .arith/mult 20, L_0000019ca53de960, L_0000019ca53deb40;
L_0000019ca53dd060 .arith/sum 20, L_0000019ca53de8c0, L_0000019ca53de6e0;
L_0000019ca53ded20 .concat [ 8 12 0 0], v0000019ca53dc9f0_0, L_0000019ca54502c8;
L_0000019ca53dda60 .part v0000019ca53dc950_0, 16, 8;
L_0000019ca53dedc0 .concat [ 8 12 0 0], L_0000019ca53dda60, L_0000019ca5450310;
L_0000019ca53de0a0 .arith/mult 20, L_0000019ca53ded20, L_0000019ca53dedc0;
L_0000019ca53debe0 .arith/sum 20, L_0000019ca53dd060, L_0000019ca53de0a0;
L_0000019ca53de5a0 .concat [ 8 12 0 0], v0000019ca53db870_0, L_0000019ca5450358;
L_0000019ca53dee60 .part v0000019ca53dc950_0, 24, 8;
L_0000019ca53ddf60 .concat [ 8 12 0 0], L_0000019ca53dee60, L_0000019ca54503a0;
L_0000019ca53dd100 .arith/mult 20, L_0000019ca53de5a0, L_0000019ca53ddf60;
L_0000019ca53dd1a0 .arith/sum 20, L_0000019ca53debe0, L_0000019ca53dd100;
L_0000019ca53de000 .concat [ 8 12 0 0], v0000019ca53dc8b0_0, L_0000019ca54503e8;
L_0000019ca53de640 .part v0000019ca53dc950_0, 32, 8;
L_0000019ca53ddd80 .concat [ 8 12 0 0], L_0000019ca53de640, L_0000019ca5450430;
L_0000019ca53de140 .arith/mult 20, L_0000019ca53de000, L_0000019ca53ddd80;
L_0000019ca53de820 .arith/sum 20, L_0000019ca53dd1a0, L_0000019ca53de140;
L_0000019ca53dde20 .concat [ 8 12 0 0], v0000019ca53db9b0_0, L_0000019ca5450478;
L_0000019ca53dd600 .part v0000019ca53dc950_0, 40, 8;
L_0000019ca53de460 .concat [ 8 12 0 0], L_0000019ca53dd600, L_0000019ca54504c0;
L_0000019ca53de280 .arith/mult 20, L_0000019ca53dde20, L_0000019ca53de460;
L_0000019ca53ddec0 .arith/sum 20, L_0000019ca53de820, L_0000019ca53de280;
L_0000019ca53de500 .concat [ 8 12 0 0], v0000019ca53db550_0, L_0000019ca5450508;
L_0000019ca53dec80 .part v0000019ca53dc950_0, 48, 8;
L_0000019ca53de1e0 .concat [ 8 12 0 0], L_0000019ca53dec80, L_0000019ca5450550;
L_0000019ca53de320 .arith/mult 20, L_0000019ca53de500, L_0000019ca53de1e0;
L_0000019ca53de3c0 .arith/sum 20, L_0000019ca53ddec0, L_0000019ca53de320;
L_0000019ca53f2170 .concat [ 8 12 0 0], v0000019ca53db0f0_0, L_0000019ca5450598;
L_0000019ca53f2990 .part v0000019ca53dc950_0, 56, 8;
L_0000019ca53f28f0 .concat [ 8 12 0 0], L_0000019ca53f2990, L_0000019ca54505e0;
L_0000019ca53f1130 .arith/mult 20, L_0000019ca53f2170, L_0000019ca53f28f0;
L_0000019ca53f1950 .arith/sum 20, L_0000019ca53de3c0, L_0000019ca53f1130;
L_0000019ca53f1630 .concat [ 8 12 0 0], v0000019ca53dbeb0_0, L_0000019ca5450628;
L_0000019ca53f11d0 .part v0000019ca53dc950_0, 64, 8;
L_0000019ca53f1770 .concat [ 8 12 0 0], L_0000019ca53f11d0, L_0000019ca5450670;
L_0000019ca53f2850 .arith/mult 20, L_0000019ca53f1630, L_0000019ca53f1770;
L_0000019ca53f1f90 .arith/sum 20, L_0000019ca53f1950, L_0000019ca53f2850;
S_0000019ca53124d0 .scope module, "producer" "data_producer" 3 75, 4 101 0, S_0000019ca5365300;
 .timescale -9 -12;
    .port_info 0 /INPUT 1 "sensor_clk";
    .port_info 1 /INPUT 1 "rst_n";
    .port_info 2 /INPUT 1 "ready";
    .port_info 3 /OUTPUT 8 "pixel";
    .port_info 4 /OUTPUT 1 "valid";
P_0000019ca5379430 .param/l "IMAGE_SIZE" 0 4 101, +C4<00000000000000000000010000000000>;
v0000019ca53db7d0 .array "image_mem", 1023 0, 7 0;
v0000019ca53db4b0_0 .var "pixel", 7 0;
v0000019ca53dc810_0 .var "pixel_index", 10 0;
v0000019ca53dc1d0_0 .net "ready", 0 0, L_0000019ca53ddb00;  1 drivers
v0000019ca53dcdb0_0 .net "rst_n", 0 0, L_0000019ca53dd880;  alias, 1 drivers
v0000019ca53dc6d0_0 .net "sensor_clk", 0 0, v0000019ca53deaa0_0;  alias, 1 drivers
v0000019ca53dcc70_0 .var "valid", 0 0;
    .scope S_0000019ca53124d0;
T_0 ;
    %vpi_call/w 4 109 "$readmemh", "image.hex", v0000019ca53db7d0 {0 0 0};
    %end;
    .thread T_0;
    .scope S_0000019ca53124d0;
T_1 ;
    %wait E_0000019ca53793b0;
    %load/vec4 v0000019ca53dcdb0_0;
    %nor/r;
    %flag_set/vec4 8;
    %jmp/0xz  T_1.0, 8;
    %pushi/vec4 0, 0, 11;
    %assign/vec4 v0000019ca53dc810_0, 0;
    %pushi/vec4 0, 0, 1;
    %assign/vec4 v0000019ca53dcc70_0, 0;
    %pushi/vec4 0, 0, 8;
    %assign/vec4 v0000019ca53db4b0_0, 0;
    %jmp T_1.1;
T_1.0 ;
    %load/vec4 v0000019ca53dc1d0_0;
    %flag_set/vec4 8;
    %jmp/0xz  T_1.2, 8;
    %load/vec4 v0000019ca53dc810_0;
    %pad/u 12;
    %ix/vec4 4;
    %load/vec4a v0000019ca53db7d0, 4;
    %assign/vec4 v0000019ca53db4b0_0, 0;
    %pushi/vec4 1, 0, 1;
    %assign/vec4 v0000019ca53dcc70_0, 0;
    %load/vec4 v0000019ca53dc810_0;
    %pad/u 32;
    %cmpi/u 1023, 0, 32;
    %flag_mov 8, 5;
    %jmp/0 T_1.4, 8;
    %load/vec4 v0000019ca53dc810_0;
    %addi 1, 0, 11;
    %jmp/1 T_1.5, 8;
T_1.4 ; End of true expr.
    %pushi/vec4 0, 0, 11;
    %jmp/0 T_1.5, 8;
 ; End of false expr.
    %blend;
T_1.5;
    %assign/vec4 v0000019ca53dc810_0, 0;
    %jmp T_1.3;
T_1.2 ;
    %load/vec4 v0000019ca53dc810_0;
    %pad/u 32;
    %cmpi/e 0, 0, 32;
    %flag_mov 8, 4;
    %jmp/0 T_1.6, 8;
    %pushi/vec4 0, 0, 1;
    %jmp/1 T_1.7, 8;
T_1.6 ; End of true expr.
    %pushi/vec4 1, 0, 1;
    %jmp/0 T_1.7, 8;
 ; End of false expr.
    %blend;
T_1.7;
    %assign/vec4 v0000019ca53dcc70_0, 0;
T_1.3 ;
T_1.1 ;
    %jmp T_1;
    .thread T_1;
    .scope S_0000019ca535dd70;
T_2 ;
    %wait E_0000019ca53793b0;
    %load/vec4 v0000019ca537bc70_0;
    %nor/r;
    %flag_set/vec4 8;
    %jmp/0xz  T_2.0, 8;
    %pushi/vec4 0, 0, 4;
    %assign/vec4 v0000019ca537bf90_0, 0;
    %pushi/vec4 0, 0, 4;
    %assign/vec4 v0000019ca537b8b0_0, 0;
    %jmp T_2.1;
T_2.0 ;
    %load/vec4 v0000019ca537a870_0;
    %flag_set/vec4 9;
    %flag_get/vec4 9;
    %jmp/0 T_2.4, 9;
    %load/vec4 v0000019ca537c5d0_0;
    %nor/r;
    %and;
T_2.4;
    %flag_set/vec4 8;
    %jmp/0xz  T_2.2, 8;
    %load/vec4 v0000019ca537b270_0;
    %load/vec4 v0000019ca537bf90_0;
    %pad/u 6;
    %ix/vec4 3;
    %ix/load 4, 0, 0; Constant delay
    %assign/vec4/a/d v0000019ca537c0d0, 0, 4;
    %load/vec4 v0000019ca537bf90_0;
    %addi 1, 0, 4;
    %assign/vec4 v0000019ca537bf90_0, 0;
    %load/vec4 v0000019ca537bf90_0;
    %pad/u 32;
    %addi 1, 0, 32;
    %load/vec4 v0000019ca537bf90_0;
    %pad/u 32;
    %addi 1, 0, 32;
    %ix/load 4, 1, 0;
    %flag_set/imm 4, 0;
    %shiftr 4;
    %xor;
    %pad/u 4;
    %assign/vec4 v0000019ca537b8b0_0, 0;
T_2.2 ;
T_2.1 ;
    %jmp T_2;
    .thread T_2;
    .scope S_0000019ca535dd70;
T_3 ;
    %wait E_0000019ca53792f0;
    %load/vec4 v0000019ca537c170_0;
    %nor/r;
    %flag_set/vec4 8;
    %jmp/0xz  T_3.0, 8;
    %pushi/vec4 0, 0, 4;
    %assign/vec4 v0000019ca537b6d0_0, 0;
    %pushi/vec4 0, 0, 4;
    %assign/vec4 v0000019ca537b130_0, 0;
    %jmp T_3.1;
T_3.0 ;
    %load/vec4 v0000019ca537bb30_0;
    %flag_set/vec4 9;
    %flag_get/vec4 9;
    %jmp/0 T_3.4, 9;
    %load/vec4 v0000019ca537c030_0;
    %nor/r;
    %and;
T_3.4;
    %flag_set/vec4 8;
    %jmp/0xz  T_3.2, 8;
    %load/vec4 v0000019ca537b6d0_0;
    %addi 1, 0, 4;
    %assign/vec4 v0000019ca537b6d0_0, 0;
    %load/vec4 v0000019ca537b6d0_0;
    %pad/u 32;
    %addi 1, 0, 32;
    %load/vec4 v0000019ca537b6d0_0;
    %pad/u 32;
    %addi 1, 0, 32;
    %ix/load 4, 1, 0;
    %flag_set/imm 4, 0;
    %shiftr 4;
    %xor;
    %pad/u 4;
    %assign/vec4 v0000019ca537b130_0, 0;
T_3.2 ;
T_3.1 ;
    %jmp T_3;
    .thread T_3;
    .scope S_0000019ca535dd70;
T_4 ;
    %wait E_0000019ca53792b0;
    %load/vec4 v0000019ca537ab90_0;
    %load/vec4 v0000019ca537b130_0;
    %concat/vec4; draw_concat_vec4
    %split/vec4 4;
    %assign/vec4 v0000019ca537ab90_0, 0;
    %assign/vec4 v0000019ca537be50_0, 0;
    %jmp T_4;
    .thread T_4;
    .scope S_0000019ca535dd70;
T_5 ;
    %wait E_0000019ca5379730;
    %load/vec4 v0000019ca537b450_0;
    %load/vec4 v0000019ca537b8b0_0;
    %concat/vec4; draw_concat_vec4
    %split/vec4 4;
    %assign/vec4 v0000019ca537b450_0, 0;
    %assign/vec4 v0000019ca537b630_0, 0;
    %jmp T_5;
    .thread T_5;
    .scope S_0000019ca535dd70;
T_6 ;
    %wait E_0000019ca5379270;
    %load/vec4 v0000019ca537b8b0_0;
    %load/vec4 v0000019ca537be50_0;
    %parti/s 2, 2, 3;
    %inv;
    %load/vec4 v0000019ca537be50_0;
    %parti/s 2, 0, 2;
    %concat/vec4; draw_concat_vec4
    %cmp/e;
    %flag_get/vec4 4;
    %store/vec4 v0000019ca537c5d0_0, 0, 1;
    %jmp T_6;
    .thread T_6, $push;
    .scope S_0000019ca535dd70;
T_7 ;
    %wait E_0000019ca53790b0;
    %load/vec4 v0000019ca537b130_0;
    %load/vec4 v0000019ca537b630_0;
    %cmp/e;
    %flag_get/vec4 4;
    %store/vec4 v0000019ca537c030_0, 0, 1;
    %jmp T_7;
    .thread T_7, $push;
    .scope S_0000019ca535df00;
T_8 ;
    %wait E_0000019ca53792f0;
    %load/vec4 v0000019ca53dc630_0;
    %nor/r;
    %flag_set/vec4 8;
    %jmp/0xz  T_8.0, 8;
    %pushi/vec4 0, 0, 40;
    %split/vec4 21;
    %assign/vec4 v0000019ca53db2d0_0, 0;
    %split/vec4 10;
    %assign/vec4 v0000019ca53dbaf0_0, 0;
    %split/vec4 8;
    %assign/vec4 v0000019ca53dba50_0, 0;
    %assign/vec4 v0000019ca53db230_0, 0;
    %pushi/vec4 1, 0, 1;
    %assign/vec4 v0000019ca53dbb90_0, 0;
    %pushi/vec4 0, 0, 72;
    %split/vec4 8;
    %assign/vec4 v0000019ca53dbeb0_0, 0;
    %split/vec4 8;
    %assign/vec4 v0000019ca53db0f0_0, 0;
    %split/vec4 8;
    %assign/vec4 v0000019ca53db550_0, 0;
    %split/vec4 8;
    %assign/vec4 v0000019ca53db9b0_0, 0;
    %split/vec4 8;
    %assign/vec4 v0000019ca53dc8b0_0, 0;
    %split/vec4 8;
    %assign/vec4 v0000019ca53db870_0, 0;
    %split/vec4 8;
    %assign/vec4 v0000019ca53dc9f0_0, 0;
    %split/vec4 8;
    %assign/vec4 v0000019ca53dbd70_0, 0;
    %assign/vec4 v0000019ca53dc450_0, 0;
    %jmp T_8.1;
T_8.0 ;
    %load/vec4 v0000019ca53dc130_0;
    %flag_set/vec4 9;
    %flag_get/vec4 9;
    %jmp/0 T_8.4, 9;
    %load/vec4 v0000019ca53dbb90_0;
    %and;
T_8.4;
    %flag_set/vec4 8;
    %jmp/0xz  T_8.2, 8;
    %load/vec4 v0000019ca53dbd70_0;
    %assign/vec4 v0000019ca53dc450_0, 0;
    %load/vec4 v0000019ca53dc9f0_0;
    %assign/vec4 v0000019ca53dbd70_0, 0;
    %load/vec4 v0000019ca53dbaf0_0;
    %pad/u 12;
    %ix/vec4 4;
    %load/vec4a v0000019ca53dbc30, 4;
    %assign/vec4 v0000019ca53dc9f0_0, 0;
    %load/vec4 v0000019ca53dc8b0_0;
    %assign/vec4 v0000019ca53db870_0, 0;
    %load/vec4 v0000019ca53db9b0_0;
    %assign/vec4 v0000019ca53dc8b0_0, 0;
    %load/vec4 v0000019ca53dbaf0_0;
    %pad/u 12;
    %ix/vec4 4;
    %load/vec4a v0000019ca53db690, 4;
    %assign/vec4 v0000019ca53db9b0_0, 0;
    %load/vec4 v0000019ca53db0f0_0;
    %assign/vec4 v0000019ca53db550_0, 0;
    %load/vec4 v0000019ca53dbeb0_0;
    %assign/vec4 v0000019ca53db0f0_0, 0;
    %load/vec4 v0000019ca53dc590_0;
    %assign/vec4 v0000019ca53dbeb0_0, 0;
    %load/vec4 v0000019ca53dc590_0;
    %load/vec4 v0000019ca53dbaf0_0;
    %pad/u 12;
    %ix/vec4 3;
    %ix/load 4, 0, 0; Constant delay
    %assign/vec4/a/d v0000019ca53db690, 0, 4;
    %load/vec4 v0000019ca53dbaf0_0;
    %pad/u 12;
    %ix/vec4 4;
    %load/vec4a v0000019ca53db690, 4;
    %load/vec4 v0000019ca53dbaf0_0;
    %pad/u 12;
    %ix/vec4 3;
    %ix/load 4, 0, 0; Constant delay
    %assign/vec4/a/d v0000019ca53dbc30, 0, 4;
    %load/vec4 v0000019ca53dbaf0_0;
    %pad/u 32;
    %cmpi/e 1023, 0, 32;
    %flag_mov 8, 4;
    %jmp/0 T_8.5, 8;
    %pushi/vec4 0, 0, 10;
    %jmp/1 T_8.6, 8;
T_8.5 ; End of true expr.
    %load/vec4 v0000019ca53dbaf0_0;
    %addi 1, 0, 10;
    %jmp/0 T_8.6, 8;
 ; End of false expr.
    %blend;
T_8.6;
    %assign/vec4 v0000019ca53dbaf0_0, 0;
    %load/vec4 v0000019ca53db2d0_0;
    %addi 1, 0, 21;
    %assign/vec4 v0000019ca53db2d0_0, 0;
    %load/vec4 v0000019ca53db910_0;
    %dup/vec4;
    %pushi/vec4 0, 0, 2;
    %cmp/u;
    %jmp/1 T_8.7, 6;
    %dup/vec4;
    %pushi/vec4 1, 0, 2;
    %cmp/u;
    %jmp/1 T_8.8, 6;
    %dup/vec4;
    %pushi/vec4 2, 0, 2;
    %cmp/u;
    %jmp/1 T_8.9, 6;
    %load/vec4 v0000019ca53dc590_0;
    %assign/vec4 v0000019ca53dba50_0, 0;
    %jmp T_8.11;
T_8.7 ;
    %load/vec4 v0000019ca53dc590_0;
    %assign/vec4 v0000019ca53dba50_0, 0;
    %jmp T_8.11;
T_8.8 ;
    %load/vec4 v0000019ca53dc590_0;
    %inv;
    %assign/vec4 v0000019ca53dba50_0, 0;
    %jmp T_8.11;
T_8.9 ;
    %load/vec4 v0000019ca53dbcd0_0;
    %pad/u 32;
    %pushi/vec4 9, 0, 32;
    %div;
    %pad/u 8;
    %assign/vec4 v0000019ca53dba50_0, 0;
    %jmp T_8.11;
T_8.11 ;
    %pop/vec4 1;
    %load/vec4 v0000019ca53db910_0;
    %cmpi/e 2, 0, 2;
    %flag_mov 8, 4;
    %jmp/0 T_8.12, 8;
    %pushi/vec4 2051, 0, 32;
    %load/vec4 v0000019ca53db2d0_0;
    %pad/u 32;
    %cmp/u;
    %flag_get/vec4 4;
    %flag_get/vec4 5;
    %or;
    %jmp/1 T_8.13, 8;
T_8.12 ; End of true expr.
    %pushi/vec4 1, 0, 1;
    %jmp/0 T_8.13, 8;
 ; End of false expr.
    %blend;
T_8.13;
    %assign/vec4 v0000019ca53db230_0, 0;
    %jmp T_8.3;
T_8.2 ;
    %load/vec4 v0000019ca53dbe10_0;
    %flag_set/vec4 8;
    %jmp/0xz  T_8.14, 8;
    %pushi/vec4 0, 0, 1;
    %assign/vec4 v0000019ca53db230_0, 0;
T_8.14 ;
T_8.3 ;
T_8.1 ;
    %jmp T_8;
    .thread T_8;
    .scope S_0000019ca5365300;
T_9 ;
    %pushi/vec4 0, 0, 1;
    %store/vec4 v0000019ca53dcef0_0, 0, 1;
    %pushi/vec4 0, 0, 1;
    %store/vec4 v0000019ca53deaa0_0, 0, 1;
    %pushi/vec4 0, 0, 6;
    %store/vec4 v0000019ca53dcbd0_0, 0, 6;
    %pushi/vec4 0, 0, 6;
    %store/vec4 v0000019ca53de780_0, 0, 6;
    %pushi/vec4 0, 0, 2;
    %store/vec4 v0000019ca53dca90_0, 0, 2;
    %pushi/vec4 2155905152, 0, 39;
    %concati/vec4 2155905152, 0, 32;
    %concati/vec4 1, 0, 1;
    %store/vec4 v0000019ca53dc950_0, 0, 72;
    %end;
    .thread T_9, $init;
    .scope S_0000019ca5365300;
T_10 ;
    %delay 5000, 0;
    %load/vec4 v0000019ca53dcef0_0;
    %inv;
    %store/vec4 v0000019ca53dcef0_0, 0, 1;
    %jmp T_10;
    .thread T_10;
    .scope S_0000019ca5365300;
T_11 ;
    %delay 2500, 0;
    %load/vec4 v0000019ca53deaa0_0;
    %inv;
    %store/vec4 v0000019ca53deaa0_0, 0, 1;
    %jmp T_11;
    .thread T_11;
    .scope S_0000019ca5365300;
T_12 ;
    %wait E_0000019ca5379730;
    %load/vec4 v0000019ca53dcd10_0;
    %nor/r;
    %flag_set/vec4 8;
    %jmp/0xz  T_12.0, 8;
    %load/vec4 v0000019ca53dcbd0_0;
    %addi 1, 0, 6;
    %assign/vec4 v0000019ca53dcbd0_0, 0;
T_12.0 ;
    %jmp T_12;
    .thread T_12;
    .scope S_0000019ca5365300;
T_13 ;
    %wait E_0000019ca53792b0;
    %load/vec4 v0000019ca53dd240_0;
    %nor/r;
    %flag_set/vec4 8;
    %jmp/0xz  T_13.0, 8;
    %load/vec4 v0000019ca53de780_0;
    %addi 1, 0, 6;
    %assign/vec4 v0000019ca53de780_0, 0;
T_13.0 ;
    %jmp T_13;
    .thread T_13;
    .scope S_0000019ca5365300;
T_14 ;
    %fork t_1, S_0000019ca5365490;
    %jmp t_0;
    .scope S_0000019ca5365490;
t_1 ;
    %vpi_func 3 44 "$fopen" 32, "image.hex", "w" {0 0 0};
    %store/vec4 v0000019ca537ac30_0, 0, 32;
    %pushi/vec4 0, 0, 32;
    %store/vec4 v0000019ca537acd0_0, 0, 32;
T_14.0 ;
    %load/vec4 v0000019ca537acd0_0;
    %cmpi/s 1024, 0, 32;
    %jmp/0xz T_14.1, 5;
    %load/vec4 v0000019ca537acd0_0;
    %pushi/vec4 256, 0, 32;
    %mod/s;
    %vpi_call/w 3 46 "$fwrite", v0000019ca537ac30_0, "%02x\012", S<0,vec4,s32> {1 0 0};
    %load/vec4 v0000019ca537acd0_0;
    %addi 1, 0, 32;
    %store/vec4 v0000019ca537acd0_0, 0, 32;
    %jmp T_14.0;
T_14.1 ;
    %vpi_call/w 3 48 "$fclose", v0000019ca537ac30_0 {0 0 0};
    %vpi_call/w 3 51 "$dumpfile", "dump.vcd" {0 0 0};
    %vpi_call/w 3 52 "$dumpvars", 32'sb00000000000000000000000000000000, S_0000019ca5365300 {0 0 0};
    %vpi_call/w 3 55 "$display", "--- Starting Simulation: Mode Bypass (00) ---" {0 0 0};
    %delay 10000000, 0;
    %vpi_call/w 3 58 "$display", "--- Switching to Mode: Invert (01) ---" {0 0 0};
    %pushi/vec4 1, 0, 2;
    %store/vec4 v0000019ca53dca90_0, 0, 2;
    %delay 10000000, 0;
    %vpi_call/w 3 62 "$display", "--- Switching to Mode: Convolution (10) ---" {0 0 0};
    %pushi/vec4 2, 0, 2;
    %store/vec4 v0000019ca53dca90_0, 0, 2;
    %delay 100000000, 0;
    %vpi_call/w 3 66 "$display", "--- Simulation Finished ---" {0 0 0};
    %vpi_call/w 3 67 "$finish" {0 0 0};
    %end;
    .scope S_0000019ca5365300;
t_0 %join;
    %end;
    .thread T_14;
    .scope S_0000019ca5365300;
T_15 ;
    %wait E_0000019ca5379730;
    %load/vec4 v0000019ca53db190_0;
    %flag_set/vec4 8;
    %jmp/0xz  T_15.0, 8;
    %vpi_call/w 3 117 "$display", "Time: %0t | Mode: %b | Out: %h | Status: %b", $time, v0000019ca53dca90_0, v0000019ca53dcb30_0, v0000019ca53def00_0 {0 0 0};
T_15.0 ;
    %jmp T_15;
    .thread T_15;
# The file index is used to find the file name in the following table.
:file_names 5;
    "N/A";
    "<interactive>";
    "-";
    "tb_data_prod_proc.v";
    "data_proc.v";
